<?xml version="1.0" encoding="UTF-8"?>
<!-- Generated by org.testng.reporters.JUnitXMLReporter -->
<testsuite ignored="2" hostname="DESKTOP-LS1AA80" failures="0" tests="1" name="Default test" time="5.409" errors="0" timestamp="11 Jul 2019 06:01:11 GMT">
  <testcase classname="com.automationpractice3.login.LoginTestCases" name="Login_with_invalid_userid" time="3.004"/>
  <testcase classname="com.automationpractice3.login.LoginTestCases" name="Login_with_valid_userid_and_password" time="0.0">
    <ignored/>
  </testcase> <!-- Login_with_valid_userid_and_password -->
  <testcase classname="com.automationpractice3.login.LoginTestCases" name="Login_with_valid_userid_but_invalid_password" time="0.0">
    <ignored/>
  </testcase> <!-- Login_with_valid_userid_but_invalid_password -->
</testsuite> <!-- Default test -->
